<?xml version="1.0" encoding="UTF-8"?>
<testng-results ignored="0" total="1" passed="1" failed="0" skipped="0">
  <reporter-output>
    <line>
      <![CDATA[Hello Git]]>
    </line>
  </reporter-output>
  <suite started-at="2022-06-01T12:13:32 IST" name="Default suite" finished-at="2022-06-01T12:13:33 IST" duration-ms="558">
    <groups>
    </groups>
    <test started-at="2022-06-01T12:13:32 IST" name="Default test" finished-at="2022-06-01T12:13:33 IST" duration-ms="558">
      <class name="com.gitPractice.gitPractice1">
        <test-method signature="gitBash()[pri:0, instance:com.gitPractice.gitPractice1@e4d2696]" started-at="2022-06-01T12:13:32 IST" name="gitBash" finished-at="2022-06-01T12:13:33 IST" duration-ms="273" status="PASS">
          <reporter-output>
            <line>
              <![CDATA[Hello Git]]>
            </line>
          </reporter-output>
        </test-method> <!-- gitBash -->
      </class> <!-- com.gitPractice.gitPractice1 -->
    </test> <!-- Default test -->
  </suite> <!-- Default suite -->
</testng-results>
